c:\users\user\desktop\gk\windowsproject1\x64\debug\vc143.pdb
c:\users\user\desktop\gk\windowsproject1\x64\debug\vc143.idb
c:\users\user\desktop\gk\windowsproject1\x64\debug\main.obj
c:\users\user\desktop\gk\windowsproject1\x64\debug\car.obj
c:\users\user\desktop\gk\windowsproject1\x64\debug\wheel.obj
c:\users\user\desktop\gk\windowsproject1\x64\debug\top.obj
c:\users\user\desktop\gk\windowsproject1\x64\debug\sphere.obj
c:\users\user\desktop\gk\windowsproject1\x64\debug\sidesciana.obj
c:\users\user\desktop\gk\windowsproject1\x64\debug\front.obj
c:\users\user\desktop\gk\windowsproject1\x64\debug\back.obj
c:\users\user\desktop\gk\windowsproject1\x64\debug\podloze.obj
c:\users\user\desktop\gk\windowsproject1\x64\debug\gk_project.exe
c:\users\user\desktop\gk\windowsproject1\x64\debug\gk_project.ilk
c:\users\user\desktop\gk\windowsproject1\x64\debug\gk_project.pdb
c:\users\user\desktop\gk\windowsproject1\x64\debug\windowsproject1.res
c:\users\user\desktop\gk\windowsproject1\x64\debug\gk_project.tlog\cl.command.1.tlog
c:\users\user\desktop\gk\windowsproject1\x64\debug\gk_project.tlog\cl.items.tlog
c:\users\user\desktop\gk\windowsproject1\x64\debug\gk_project.tlog\cl.read.1.tlog
c:\users\user\desktop\gk\windowsproject1\x64\debug\gk_project.tlog\cl.write.1.tlog
c:\users\user\desktop\gk\windowsproject1\x64\debug\gk_project.tlog\link.command.1.tlog
c:\users\user\desktop\gk\windowsproject1\x64\debug\gk_project.tlog\link.read.1.tlog
c:\users\user\desktop\gk\windowsproject1\x64\debug\gk_project.tlog\link.write.1.tlog
c:\users\user\desktop\gk\windowsproject1\x64\debug\gk_project.tlog\rc.command.1.tlog
c:\users\user\desktop\gk\windowsproject1\x64\debug\gk_project.tlog\rc.read.1.tlog
c:\users\user\desktop\gk\windowsproject1\x64\debug\gk_project.tlog\rc.write.1.tlog
